{"level":"\u001b[34mINFO\u001b[0m","time":"2026-01-23T08:48:30.158+1030","caller":"cmd/main.go:35","msg":"Starting WCP Detrack Monthly Report app..."}
{"level":"\u001b[34mINFO\u001b[0m","time":"2026-01-23T08:48:30.159+1030","caller":"api/detrackClient.go:52","msg":"Getting all of the existing Jobs on Detrack..."}
{"level":"\u001b[34mINFO\u001b[0m","time":"2026-01-23T08:48:57.538+1030","caller":"api/detrackClient.go:106","msg":"Retrieved jobs so far","count":1000}
{"level":"\u001b[34mINFO\u001b[0m","time":"2026-01-23T08:49:13.513+1030","caller":"api/detrackClient.go:106","msg":"Retrieved jobs so far","count":2000}
{"level":"\u001b[34mINFO\u001b[0m","time":"2026-01-23T08:49:29.069+1030","caller":"api/detrackClient.go:106","msg":"Retrieved jobs so far","count":3000}
{"level":"\u001b[34mINFO\u001b[0m","time":"2026-01-23T08:49:45.828+1030","caller":"api/detrackClient.go:106","msg":"Retrieved jobs so far","count":4000}
{"level":"\u001b[34mINFO\u001b[0m","time":"2026-01-23T08:50:02.780+1030","caller":"api/detrackClient.go:106","msg":"Retrieved jobs so far","count":5000}
{"level":"\u001b[34mINFO\u001b[0m","time":"2026-01-23T08:50:22.165+1030","caller":"api/detrackClient.go:106","msg":"Retrieved jobs so far","count":6000}
{"level":"\u001b[34mINFO\u001b[0m","time":"2026-01-23T08:50:30.239+1030","caller":"api/detrackClient.go:106","msg":"Retrieved jobs so far","count":6560}
{"level":"\u001b[34mINFO\u001b[0m","time":"2026-01-23T08:50:30.239+1030","caller":"api/detrackClient.go:121","msg":"Finished fetching all jobs","total":6560}
{"level":"\u001b[34mINFO\u001b[0m","time":"2026-01-23T08:50:30.239+1030","caller":"cmd/main.go:57","msg":"Total jobs fetched","count":6560}
{"level":"\u001b[34mINFO\u001b[0m","time":"2026-01-23T08:50:30.249+1030","caller":"cmd/main.go:74","msg":"Jobs saved to JSON file","file":"jobs.json"}
{"level":"\u001b[34mINFO\u001b[0m","time":"2026-01-23T08:50:30.251+1030","caller":"cmd/main.go:90","msg":"Processing jobs with Status: completed (2026-01-01 00:00:00 +1000 AEST - 2026-02-01 00:00:00 +1000 AEST)\n"}
{"level":"\u001b[34mINFO\u001b[0m","time":"2026-01-23T08:50:30.251+1030","caller":"cmd/main.go:175","msg":"CSV report generated successfully"}
{"level":"\u001b[34mINFO\u001b[0m","time":"2026-01-23T08:50:30.251+1030","caller":"cmd/main.go:176","msg":"COMPLETED!"}
{"level":"\u001b[34mINFO\u001b[0m","time":"2026-01-23T10:32:58.923+1030","caller":"cmd/main.go:36","msg":"Starting WCP Detrack Monthly Report app..."}
{"level":"\u001b[34mINFO\u001b[0m","time":"2026-01-23T10:32:58.923+1030","caller":"api/detrackClient.go:54","msg":"Getting all of the existing Jobs on Detrack..."}
{"level":"\u001b[34mINFO\u001b[0m","time":"2026-01-23T10:33:31.685+1030","caller":"api/detrackClient.go:108","msg":"Retrieved jobs so far","count":1000}
{"level":"\u001b[34mINFO\u001b[0m","time":"2026-01-23T10:33:45.983+1030","caller":"api/detrackClient.go:108","msg":"Retrieved jobs so far","count":2000}
{"level":"\u001b[34mINFO\u001b[0m","time":"2026-01-23T10:33:56.865+1030","caller":"api/detrackClient.go:108","msg":"Retrieved jobs so far","count":3000}
{"level":"\u001b[34mINFO\u001b[0m","time":"2026-01-23T10:34:13.348+1030","caller":"api/detrackClient.go:108","msg":"Retrieved jobs so far","count":4000}
{"level":"\u001b[34mINFO\u001b[0m","time":"2026-01-23T10:34:30.894+1030","caller":"api/detrackClient.go:108","msg":"Retrieved jobs so far","count":5000}
{"level":"\u001b[34mINFO\u001b[0m","time":"2026-01-23T10:34:46.681+1030","caller":"api/detrackClient.go:108","msg":"Retrieved jobs so far","count":6000}
{"level":"\u001b[34mINFO\u001b[0m","time":"2026-01-23T10:34:52.177+1030","caller":"api/detrackClient.go:108","msg":"Retrieved jobs so far","count":6561}
{"level":"\u001b[34mINFO\u001b[0m","time":"2026-01-23T10:34:52.177+1030","caller":"api/detrackClient.go:123","msg":"Finished fetching all jobs","total":6561}
{"level":"\u001b[34mINFO\u001b[0m","time":"2026-01-23T10:34:52.177+1030","caller":"cmd/main.go:58","msg":"Total jobs fetched","count":6561}
{"level":"\u001b[34mINFO\u001b[0m","time":"2026-01-23T10:34:52.187+1030","caller":"cmd/main.go:75","msg":"Jobs saved to JSON file","file":"jobs.json"}
{"level":"\u001b[34mINFO\u001b[0m","time":"2026-01-23T10:34:52.190+1030","caller":"cmd/main.go:91","msg":"Processing jobs with Status: completed (2026-01-01 00:00:00 +1000 AEST - 2026-02-01 00:00:00 +1000 AEST)\n"}
{"level":"\u001b[34mINFO\u001b[0m","time":"2026-01-23T10:34:52.190+1030","caller":"cmd/main.go:177","msg":"CSV report generated successfully"}
{"level":"\u001b[34mINFO\u001b[0m","time":"2026-01-23T10:34:56.720+1030","caller":"notifier/notifier.go:93","msg":"Email sent successfully"}
{"level":"\u001b[34mINFO\u001b[0m","time":"2026-01-23T10:34:56.720+1030","caller":"cmd/main.go:192","msg":"Report email sent successfully"}
{"level":"\u001b[34mINFO\u001b[0m","time":"2026-01-23T10:34:56.720+1030","caller":"cmd/main.go:195","msg":"COMPLETED!"}
{"level":"\u001b[34mINFO\u001b[0m","time":"2026-01-23T10:38:26.690+1030","caller":"cmd/main.go:36","msg":"Starting WCP Detrack Monthly Report app..."}
{"level":"\u001b[34mINFO\u001b[0m","time":"2026-01-23T10:38:26.690+1030","caller":"api/detrackClient.go:54","msg":"Getting all of the existing Jobs on Detrack..."}
{"level":"\u001b[34mINFO\u001b[0m","time":"2026-01-23T10:39:02.671+1030","caller":"api/detrackClient.go:108","msg":"Retrieved jobs so far","count":1000}
{"level":"\u001b[34mINFO\u001b[0m","time":"2026-01-23T10:39:18.143+1030","caller":"api/detrackClient.go:108","msg":"Retrieved jobs so far","count":2000}
{"level":"\u001b[34mINFO\u001b[0m","time":"2026-01-23T10:39:31.478+1030","caller":"api/detrackClient.go:108","msg":"Retrieved jobs so far","count":3000}
{"level":"\u001b[34mINFO\u001b[0m","time":"2026-01-23T10:39:50.336+1030","caller":"api/detrackClient.go:108","msg":"Retrieved jobs so far","count":4000}
{"level":"\u001b[34mINFO\u001b[0m","time":"2026-01-23T10:40:07.567+1030","caller":"api/detrackClient.go:108","msg":"Retrieved jobs so far","count":5000}
{"level":"\u001b[34mINFO\u001b[0m","time":"2026-01-23T10:40:25.567+1030","caller":"api/detrackClient.go:108","msg":"Retrieved jobs so far","count":6000}
{"level":"\u001b[34mINFO\u001b[0m","time":"2026-01-23T10:40:31.623+1030","caller":"api/detrackClient.go:108","msg":"Retrieved jobs so far","count":6561}
{"level":"\u001b[34mINFO\u001b[0m","time":"2026-01-23T10:40:31.623+1030","caller":"api/detrackClient.go:123","msg":"Finished fetching all jobs","total":6561}
{"level":"\u001b[34mINFO\u001b[0m","time":"2026-01-23T10:40:31.623+1030","caller":"cmd/main.go:58","msg":"Total jobs fetched","count":6561}
{"level":"\u001b[34mINFO\u001b[0m","time":"2026-01-23T10:40:31.634+1030","caller":"cmd/main.go:75","msg":"Jobs saved to JSON file","file":"jobs.json"}
{"level":"\u001b[34mINFO\u001b[0m","time":"2026-01-23T10:40:31.634+1030","caller":"cmd/main.go:91","msg":"Processing jobs with Status: completed (2026-01-01 00:00:00 +1000 AEST - 2026-02-01 00:00:00 +1000 AEST)\n"}
{"level":"\u001b[34mINFO\u001b[0m","time":"2026-01-23T10:40:31.634+1030","caller":"cmd/main.go:184","msg":"CSV report generated successfully"}
{"level":"\u001b[34mINFO\u001b[0m","time":"2026-01-23T10:40:39.349+1030","caller":"notifier/notifier.go:93","msg":"Email sent successfully"}
{"level":"\u001b[34mINFO\u001b[0m","time":"2026-01-23T10:40:39.349+1030","caller":"cmd/main.go:198","msg":"Report email sent successfully"}
{"level":"\u001b[34mINFO\u001b[0m","time":"2026-01-23T10:40:39.349+1030","caller":"cmd/main.go:201","msg":"COMPLETED!"}
{"level":"\u001b[34mINFO\u001b[0m","time":"2026-01-23T12:20:07.342+1030","caller":"cmd/main.go:36","msg":"Starting WCP Detrack Monthly Report app..."}
{"level":"\u001b[34mINFO\u001b[0m","time":"2026-01-23T12:20:07.343+1030","caller":"api/detrackClient.go:54","msg":"Getting all of the existing Jobs on Detrack..."}
{"level":"\u001b[34mINFO\u001b[0m","time":"2026-01-23T12:20:34.760+1030","caller":"api/detrackClient.go:108","msg":"Retrieved jobs so far","count":1000}
{"level":"\u001b[34mINFO\u001b[0m","time":"2026-01-23T12:20:50.950+1030","caller":"api/detrackClient.go:108","msg":"Retrieved jobs so far","count":2000}
{"level":"\u001b[34mINFO\u001b[0m","time":"2026-01-23T12:21:04.667+1030","caller":"api/detrackClient.go:108","msg":"Retrieved jobs so far","count":3000}
{"level":"\u001b[34mINFO\u001b[0m","time":"2026-01-23T12:21:24.327+1030","caller":"api/detrackClient.go:108","msg":"Retrieved jobs so far","count":4000}
{"level":"\u001b[34mINFO\u001b[0m","time":"2026-01-23T12:21:42.638+1030","caller":"api/detrackClient.go:108","msg":"Retrieved jobs so far","count":5000}
{"level":"\u001b[34mINFO\u001b[0m","time":"2026-01-23T12:21:58.996+1030","caller":"api/detrackClient.go:108","msg":"Retrieved jobs so far","count":6000}
{"level":"\u001b[34mINFO\u001b[0m","time":"2026-01-23T12:22:07.757+1030","caller":"api/detrackClient.go:108","msg":"Retrieved jobs so far","count":6571}
{"level":"\u001b[34mINFO\u001b[0m","time":"2026-01-23T12:22:07.757+1030","caller":"api/detrackClient.go:123","msg":"Finished fetching all jobs","total":6571}
{"level":"\u001b[34mINFO\u001b[0m","time":"2026-01-23T12:22:07.757+1030","caller":"cmd/main.go:58","msg":"Total jobs fetched","count":6571}
{"level":"\u001b[34mINFO\u001b[0m","time":"2026-01-23T12:22:07.769+1030","caller":"cmd/main.go:75","msg":"Jobs saved to JSON file","file":"jobs.json"}
{"level":"\u001b[34mINFO\u001b[0m","time":"2026-01-23T12:22:07.770+1030","caller":"cmd/main.go:91","msg":"Processing jobs with Status: completed (2026-01-01 00:00:00 +1000 AEST - 2026-02-01 00:00:00 +1000 AEST)\n"}
{"level":"\u001b[31mFATAL\u001b[0m","time":"2026-01-23T12:22:07.770+1030","caller":"cmd/main.go:119","msg":"Failed to Parse Job Price","error":"strconv.ParseFloat: parsing \"\": invalid syntax"}
{"level":"\u001b[34mINFO\u001b[0m","time":"2026-01-23T12:30:07.946+1030","caller":"cmd/main.go:36","msg":"Starting WCP Detrack Monthly Report app..."}
{"level":"\u001b[34mINFO\u001b[0m","time":"2026-01-23T12:30:07.946+1030","caller":"api/detrackClient.go:54","msg":"Getting all of the existing Jobs on Detrack..."}
{"level":"\u001b[34mINFO\u001b[0m","time":"2026-01-23T12:31:01.950+1030","caller":"api/detrackClient.go:108","msg":"Retrieved jobs so far","count":1000}
{"level":"\u001b[34mINFO\u001b[0m","time":"2026-01-23T12:31:22.383+1030","caller":"api/detrackClient.go:108","msg":"Retrieved jobs so far","count":2000}
{"level":"\u001b[34mINFO\u001b[0m","time":"2026-01-23T12:31:39.422+1030","caller":"api/detrackClient.go:108","msg":"Retrieved jobs so far","count":3000}
{"level":"\u001b[34mINFO\u001b[0m","time":"2026-01-23T12:31:57.359+1030","caller":"api/detrackClient.go:108","msg":"Retrieved jobs so far","count":4000}
{"level":"\u001b[34mINFO\u001b[0m","time":"2026-01-23T12:32:17.559+1030","caller":"api/detrackClient.go:108","msg":"Retrieved jobs so far","count":5000}
{"level":"\u001b[34mINFO\u001b[0m","time":"2026-01-23T12:32:35.621+1030","caller":"api/detrackClient.go:108","msg":"Retrieved jobs so far","count":6000}
{"level":"\u001b[34mINFO\u001b[0m","time":"2026-01-23T12:32:42.118+1030","caller":"api/detrackClient.go:108","msg":"Retrieved jobs so far","count":6571}
{"level":"\u001b[34mINFO\u001b[0m","time":"2026-01-23T12:32:42.118+1030","caller":"api/detrackClient.go:123","msg":"Finished fetching all jobs","total":6571}
{"level":"\u001b[34mINFO\u001b[0m","time":"2026-01-23T12:32:42.118+1030","caller":"cmd/main.go:58","msg":"Total jobs fetched","count":6571}
{"level":"\u001b[34mINFO\u001b[0m","time":"2026-01-23T12:32:42.128+1030","caller":"cmd/main.go:75","msg":"Jobs saved to JSON file","file":"jobs.json"}
{"level":"\u001b[34mINFO\u001b[0m","time":"2026-01-23T12:32:42.128+1030","caller":"cmd/main.go:91","msg":"Processing jobs with Status: completed (2026-01-01 00:00:00 +1000 AEST - 2026-02-01 00:00:00 +1000 AEST)\n"}
{"level":"\u001b[31mERROR\u001b[0m","time":"2026-01-23T12:32:42.128+1030","caller":"cmd/main.go:119","msg":"Failed to parse Job Price","jobID":"69729c1e98839e1da7c89b0d","error":"strconv.ParseFloat: parsing \"\": invalid syntax"}
{"level":"\u001b[31mERROR\u001b[0m","time":"2026-01-23T12:32:42.128+1030","caller":"cmd/main.go:119","msg":"Failed to parse Job Price","jobID":"696f1132a57f4f08ca86704a","error":"strconv.ParseFloat: parsing \"\": invalid syntax"}
{"level":"\u001b[31mERROR\u001b[0m","time":"2026-01-23T12:32:42.128+1030","caller":"cmd/main.go:119","msg":"Failed to parse Job Price","jobID":"69696464c32e7f2f7ef92521","error":"strconv.ParseFloat: parsing \"\": invalid syntax"}
{"level":"\u001b[31mERROR\u001b[0m","time":"2026-01-23T12:32:42.128+1030","caller":"cmd/main.go:119","msg":"Failed to parse Job Price","jobID":"69698b70c32e7f463e1259e2","error":"strconv.ParseFloat: parsing \"\": invalid syntax"}
{"level":"\u001b[31mERROR\u001b[0m","time":"2026-01-23T12:32:42.128+1030","caller":"cmd/main.go:119","msg":"Failed to parse Job Price","jobID":"69681c1b88ac360d6fd80b43","error":"strconv.ParseFloat: parsing \"\": invalid syntax"}
{"level":"\u001b[31mERROR\u001b[0m","time":"2026-01-23T12:32:42.128+1030","caller":"cmd/main.go:119","msg":"Failed to parse Job Price","jobID":"696857c54eb3e714ab8ce535","error":"strconv.ParseFloat: parsing \"\": invalid syntax"}
{"level":"\u001b[31mERROR\u001b[0m","time":"2026-01-23T12:32:42.128+1030","caller":"cmd/main.go:119","msg":"Failed to parse Job Price","jobID":"6966ed5adb47784afd8b52c3","error":"strconv.ParseFloat: parsing \"\": invalid syntax"}
{"level":"\u001b[31mERROR\u001b[0m","time":"2026-01-23T12:32:42.128+1030","caller":"cmd/main.go:119","msg":"Failed to parse Job Price","jobID":"6965d6c69959fb3827ccfccb","error":"strconv.ParseFloat: parsing \"\": invalid syntax"}
{"level":"\u001b[31mERROR\u001b[0m","time":"2026-01-23T12:32:42.128+1030","caller":"cmd/main.go:119","msg":"Failed to parse Job Price","jobID":"69606608a5d5a10828065e33","error":"strconv.ParseFloat: parsing \"\": invalid syntax"}
{"level":"\u001b[31mERROR\u001b[0m","time":"2026-01-23T12:32:42.129+1030","caller":"cmd/main.go:119","msg":"Failed to parse Job Price","jobID":"695ecbdcea148c6143699f09","error":"strconv.ParseFloat: parsing \"\": invalid syntax"}
{"level":"\u001b[31mERROR\u001b[0m","time":"2026-01-23T12:32:42.129+1030","caller":"cmd/main.go:119","msg":"Failed to parse Job Price","jobID":"695d7f359959fb5994a42365","error":"strconv.ParseFloat: parsing \"\": invalid syntax"}
{"level":"\u001b[31mERROR\u001b[0m","time":"2026-01-23T12:32:42.129+1030","caller":"cmd/main.go:119","msg":"Failed to parse Job Price","jobID":"695d841acb111025dbbb7492","error":"strconv.ParseFloat: parsing \"\": invalid syntax"}
{"level":"\u001b[31mERROR\u001b[0m","time":"2026-01-23T12:32:42.129+1030","caller":"cmd/main.go:119","msg":"Failed to parse Job Price","jobID":"695c63b1cba56f1ee56b953d","error":"strconv.ParseFloat: parsing \"\": invalid syntax"}
{"level":"\u001b[31mERROR\u001b[0m","time":"2026-01-23T12:32:42.129+1030","caller":"cmd/main.go:119","msg":"Failed to parse Job Price","jobID":"695c8ec7cba56f564732b949","error":"strconv.ParseFloat: parsing \"\": invalid syntax"}
{"level":"\u001b[31mERROR\u001b[0m","time":"2026-01-23T12:32:42.129+1030","caller":"cmd/main.go:119","msg":"Failed to parse Job Price","jobID":"695afabf0044d0202de33db2","error":"strconv.ParseFloat: parsing \"\": invalid syntax"}
{"level":"\u001b[34mINFO\u001b[0m","time":"2026-01-23T12:32:42.129+1030","caller":"cmd/main.go:194","msg":"CSV report generated successfully"}
{"level":"\u001b[34mINFO\u001b[0m","time":"2026-01-23T12:32:52.921+1030","caller":"notifier/notifier.go:93","msg":"Email sent successfully"}
{"level":"\u001b[34mINFO\u001b[0m","time":"2026-01-23T12:32:52.923+1030","caller":"cmd/main.go:208","msg":"Report email sent successfully"}
{"level":"\u001b[34mINFO\u001b[0m","time":"2026-01-23T12:32:52.923+1030","caller":"cmd/main.go:211","msg":"COMPLETED!"}
